ene 30, 2026 2:14:53 PM main.Main start
INFORMACIÓN: >>> INICIO DE LA APLICACIÓN <<<
ene 30, 2026 2:14:56 PM javafx.fxml.FXMLLoader$ValueElement processValue
ADVERTENCIA: Loading FXML document with JavaFX API of version 21 by JavaFX runtime of version 8.0.181
ene 30, 2026 2:15:08 PM controller.MarketWindowController handleReport
INFORMACIÓN: El usuario ha solicitado generar el informe PDF.
ene 30, 2026 2:15:08 PM net.sf.jasperreports.engine.component.ComponentsEnvironment findBundles
ADVERTENCIA: Found two components for namespace http://jasperreports.sourceforge.net/jasperreports/components
ene 30, 2026 2:15:08 PM net.sf.jasperreports.engine.part.PartComponentsEnvironment findBundles
ADVERTENCIA: Found two components for namespace http://jasperreports.sourceforge.net/jasperreports/parts
ene 30, 2026 2:15:08 PM net.sf.jasperreports.engine.component.ComponentsEnvironment findBundles
ADVERTENCIA: Found two components for namespace http://jasperreports.sourceforge.net/jasperreports/components
ene 30, 2026 2:15:08 PM net.sf.jasperreports.engine.component.ComponentsEnvironment findBundles
ADVERTENCIA: Found two components for namespace http://jasperreports.sourceforge.net/jasperreports/components
ene 30, 2026 2:15:08 PM net.sf.jasperreports.engine.part.PartComponentsEnvironment findBundles
ADVERTENCIA: Found two components for namespace http://jasperreports.sourceforge.net/jasperreports/parts
ene 30, 2026 2:15:09 PM controller.MarketWindowController handleReport
INFORMACIÓN: Informe generado con éxito.
feb 02, 2026 8:51:58 AM main.Main start
INFORMACIÓN: >>> INICIO DE LA APLICACIÓN <<<
feb 02, 2026 8:52:02 AM javafx.fxml.FXMLLoader$ValueElement processValue
ADVERTENCIA: Loading FXML document with JavaFX API of version 21 by JavaFX runtime of version 8.0.181
feb 02, 2026 8:56:09 AM javafx.fxml.FXMLLoader$ValueElement processValue
ADVERTENCIA: Loading FXML document with JavaFX API of version 21 by JavaFX runtime of version 8.0.181
feb 02, 2026 8:56:27 AM controller.MarketWindowController handleReport
INFORMACIÓN: El usuario ha solicitado generar el informe PDF.
feb 02, 2026 8:56:27 AM net.sf.jasperreports.engine.component.ComponentsEnvironment findBundles
ADVERTENCIA: Found two components for namespace http://jasperreports.sourceforge.net/jasperreports/components
feb 02, 2026 8:56:27 AM net.sf.jasperreports.engine.part.PartComponentsEnvironment findBundles
ADVERTENCIA: Found two components for namespace http://jasperreports.sourceforge.net/jasperreports/parts
feb 02, 2026 8:56:27 AM net.sf.jasperreports.engine.component.ComponentsEnvironment findBundles
ADVERTENCIA: Found two components for namespace http://jasperreports.sourceforge.net/jasperreports/components
feb 02, 2026 8:56:27 AM net.sf.jasperreports.engine.component.ComponentsEnvironment findBundles
ADVERTENCIA: Found two components for namespace http://jasperreports.sourceforge.net/jasperreports/components
feb 02, 2026 8:56:27 AM net.sf.jasperreports.engine.part.PartComponentsEnvironment findBundles
ADVERTENCIA: Found two components for namespace http://jasperreports.sourceforge.net/jasperreports/parts
feb 02, 2026 8:56:28 AM controller.MarketWindowController handleReport
INFORMACIÓN: Informe generado con éxito.
feb 02, 2026 8:57:35 AM javafx.fxml.FXMLLoader$ValueElement processValue
ADVERTENCIA: Loading FXML document with JavaFX API of version 21 by JavaFX runtime of version 8.0.181
feb 02, 2026 8:58:39 AM javafx.fxml.FXMLLoader$ValueElement processValue
ADVERTENCIA: Loading FXML document with JavaFX API of version 21 by JavaFX runtime of version 8.0.181
feb 02, 2026 8:59:41 AM javafx.fxml.FXMLLoader$ValueElement processValue
ADVERTENCIA: Loading FXML document with JavaFX API of version 21 by JavaFX runtime of version 8.0.181
feb 02, 2026 8:59:44 AM javafx.fxml.FXMLLoader$ValueElement processValue
ADVERTENCIA: Loading FXML document with JavaFX API of version 21 by JavaFX runtime of version 8.0.181
feb 02, 2026 9:03:49 AM main.Main start
INFORMACIÓN: >>> INICIO DE LA APLICACIÓN <<<
feb 02, 2026 9:03:52 AM javafx.fxml.FXMLLoader$ValueElement processValue
ADVERTENCIA: Loading FXML document with JavaFX API of version 21 by JavaFX runtime of version 8.0.181
feb 02, 2026 9:03:58 AM controller.MarketWindowController handleReport
INFORMACIÓN: El usuario ha solicitado generar el informe PDF.
feb 02, 2026 9:03:59 AM net.sf.jasperreports.engine.component.ComponentsEnvironment findBundles
ADVERTENCIA: Found two components for namespace http://jasperreports.sourceforge.net/jasperreports/components
feb 02, 2026 9:03:59 AM net.sf.jasperreports.engine.part.PartComponentsEnvironment findBundles
ADVERTENCIA: Found two components for namespace http://jasperreports.sourceforge.net/jasperreports/parts
feb 02, 2026 9:03:59 AM net.sf.jasperreports.engine.component.ComponentsEnvironment findBundles
ADVERTENCIA: Found two components for namespace http://jasperreports.sourceforge.net/jasperreports/components
feb 02, 2026 9:03:59 AM net.sf.jasperreports.engine.component.ComponentsEnvironment findBundles
ADVERTENCIA: Found two components for namespace http://jasperreports.sourceforge.net/jasperreports/components
feb 02, 2026 9:03:59 AM net.sf.jasperreports.engine.part.PartComponentsEnvironment findBundles
ADVERTENCIA: Found two components for namespace http://jasperreports.sourceforge.net/jasperreports/parts
feb 02, 2026 9:03:59 AM controller.MarketWindowController handleReport
GRAVE: Error al compilar el informe: java.net.MalformedURLException
feb 02, 2026 9:04:05 AM controller.MarketWindowController handleReport
INFORMACIÓN: El usuario ha solicitado generar el informe PDF.
feb 02, 2026 9:04:05 AM net.sf.jasperreports.engine.component.ComponentsEnvironment findBundles
ADVERTENCIA: Found two components for namespace http://jasperreports.sourceforge.net/jasperreports/components
feb 02, 2026 9:04:05 AM net.sf.jasperreports.engine.part.PartComponentsEnvironment findBundles
ADVERTENCIA: Found two components for namespace http://jasperreports.sourceforge.net/jasperreports/parts
feb 02, 2026 9:04:05 AM net.sf.jasperreports.engine.component.ComponentsEnvironment findBundles
ADVERTENCIA: Found two components for namespace http://jasperreports.sourceforge.net/jasperreports/components
feb 02, 2026 9:04:05 AM net.sf.jasperreports.engine.component.ComponentsEnvironment findBundles
ADVERTENCIA: Found two components for namespace http://jasperreports.sourceforge.net/jasperreports/components
feb 02, 2026 9:04:05 AM net.sf.jasperreports.engine.part.PartComponentsEnvironment findBundles
ADVERTENCIA: Found two components for namespace http://jasperreports.sourceforge.net/jasperreports/parts
feb 02, 2026 9:04:05 AM controller.MarketWindowController handleReport
GRAVE: Error al compilar el informe: java.net.MalformedURLException
feb 02, 2026 9:04:08 AM javafx.fxml.FXMLLoader$ValueElement processValue
ADVERTENCIA: Loading FXML document with JavaFX API of version 21 by JavaFX runtime of version 8.0.181
feb 02, 2026 9:04:46 AM main.Main start
INFORMACIÓN: >>> INICIO DE LA APLICACIÓN <<<
feb 02, 2026 9:04:49 AM javafx.fxml.FXMLLoader$ValueElement processValue
ADVERTENCIA: Loading FXML document with JavaFX API of version 21 by JavaFX runtime of version 8.0.181
feb 02, 2026 9:04:53 AM controller.MarketWindowController handleReport
INFORMACIÓN: El usuario ha solicitado generar el informe PDF.
feb 02, 2026 9:04:53 AM net.sf.jasperreports.engine.component.ComponentsEnvironment findBundles
ADVERTENCIA: Found two components for namespace http://jasperreports.sourceforge.net/jasperreports/components
feb 02, 2026 9:04:53 AM net.sf.jasperreports.engine.part.PartComponentsEnvironment findBundles
ADVERTENCIA: Found two components for namespace http://jasperreports.sourceforge.net/jasperreports/parts
feb 02, 2026 9:04:53 AM net.sf.jasperreports.engine.component.ComponentsEnvironment findBundles
ADVERTENCIA: Found two components for namespace http://jasperreports.sourceforge.net/jasperreports/components
feb 02, 2026 9:04:53 AM net.sf.jasperreports.engine.component.ComponentsEnvironment findBundles
ADVERTENCIA: Found two components for namespace http://jasperreports.sourceforge.net/jasperreports/components
feb 02, 2026 9:04:53 AM net.sf.jasperreports.engine.part.PartComponentsEnvironment findBundles
ADVERTENCIA: Found two components for namespace http://jasperreports.sourceforge.net/jasperreports/parts
feb 02, 2026 9:04:54 AM controller.MarketWindowController handleReport
INFORMACIÓN: Informe generado con éxito.
feb 02, 2026 9:15:40 AM main.Main start
INFORMACIÓN: >>> INICIO DE LA APLICACIÓN <<<
feb 02, 2026 9:17:33 AM main.Main start
INFORMACIÓN: >>> INICIO DE LA APLICACIÓN <<<
feb 02, 2026 9:17:37 AM javafx.fxml.FXMLLoader$ValueElement processValue
ADVERTENCIA: Loading FXML document with JavaFX API of version 21 by JavaFX runtime of version 8.0.181
feb 02, 2026 9:17:40 AM controller.MarketWindowController lambda$setupContextMenu$8
GRAVE: ¡CRASH DE PRUEBA! Excepción provocada manualmente
java.lang.ArithmeticException: / by zero
	at controller.MarketWindowController.lambda$setupContextMenu$8(MarketWindowController.java:320)
	at com.sun.javafx.event.CompositeEventHandler.dispatchBubblingEvent(CompositeEventHandler.java:86)
	at com.sun.javafx.event.EventHandlerManager.dispatchBubblingEvent(EventHandlerManager.java:238)
	at com.sun.javafx.event.EventHandlerManager.dispatchBubblingEvent(EventHandlerManager.java:191)
	at com.sun.javafx.event.BasicEventDispatcher.dispatchEvent(BasicEventDispatcher.java:58)
	at com.sun.javafx.event.EventDispatchChainImpl.dispatchEvent(EventDispatchChainImpl.java:114)
	at com.sun.javafx.event.EventUtil.fireEventImpl(EventUtil.java:74)
	at com.sun.javafx.event.EventUtil.fireEvent(EventUtil.java:49)
	at javafx.event.Event.fireEvent(Event.java:198)
	at javafx.scene.control.MenuItem.fire(MenuItem.java:462)
	at com.sun.javafx.scene.control.skin.ContextMenuContent$MenuItemContainer.doSelect(ContextMenuContent.java:1405)
	at com.sun.javafx.scene.control.skin.ContextMenuContent$MenuItemContainer.lambda$createChildren$343(ContextMenuContent.java:1358)
	at com.sun.javafx.event.CompositeEventHandler$NormalEventHandlerRecord.handleBubblingEvent(CompositeEventHandler.java:218)
	at com.sun.javafx.event.CompositeEventHandler.dispatchBubblingEvent(CompositeEventHandler.java:80)
	at com.sun.javafx.event.EventHandlerManager.dispatchBubblingEvent(EventHandlerManager.java:238)
	at com.sun.javafx.event.EventHandlerManager.dispatchBubblingEvent(EventHandlerManager.java:191)
	at com.sun.javafx.event.CompositeEventDispatcher.dispatchBubblingEvent(CompositeEventDispatcher.java:59)
	at com.sun.javafx.event.BasicEventDispatcher.dispatchEvent(BasicEventDispatcher.java:58)
	at com.sun.javafx.event.EventDispatchChainImpl.dispatchEvent(EventDispatchChainImpl.java:114)
	at com.sun.javafx.event.BasicEventDispatcher.dispatchEvent(BasicEventDispatcher.java:56)
	at com.sun.javafx.event.EventDispatchChainImpl.dispatchEvent(EventDispatchChainImpl.java:114)
	at com.sun.javafx.event.BasicEventDispatcher.dispatchEvent(BasicEventDispatcher.java:56)
	at com.sun.javafx.event.EventDispatchChainImpl.dispatchEvent(EventDispatchChainImpl.java:114)
	at com.sun.javafx.event.BasicEventDispatcher.dispatchEvent(BasicEventDispatcher.java:56)
	at com.sun.javafx.event.EventDispatchChainImpl.dispatchEvent(EventDispatchChainImpl.java:114)
	at com.sun.javafx.event.EventUtil.fireEventImpl(EventUtil.java:74)
	at com.sun.javafx.event.EventUtil.fireEvent(EventUtil.java:54)
	at javafx.event.Event.fireEvent(Event.java:198)
	at javafx.scene.Scene$MouseHandler.process(Scene.java:3757)
	at javafx.scene.Scene$MouseHandler.access$1500(Scene.java:3485)
	at javafx.scene.Scene.impl_processMouseEvent(Scene.java:1762)
	at javafx.scene.Scene$ScenePeerListener.mouseEvent(Scene.java:2494)
	at com.sun.javafx.tk.quantum.GlassViewEventHandler$MouseEventNotification.run(GlassViewEventHandler.java:394)
	at com.sun.javafx.tk.quantum.GlassViewEventHandler$MouseEventNotification.run(GlassViewEventHandler.java:295)
	at java.security.AccessController.doPrivileged(Native Method)
	at com.sun.javafx.tk.quantum.GlassViewEventHandler.lambda$handleMouseEvent$353(GlassViewEventHandler.java:432)
	at com.sun.javafx.tk.quantum.QuantumToolkit.runWithoutRenderLock(QuantumToolkit.java:389)
	at com.sun.javafx.tk.quantum.GlassViewEventHandler.handleMouseEvent(GlassViewEventHandler.java:431)
	at com.sun.glass.ui.View.handleMouseEvent(View.java:555)
	at com.sun.glass.ui.View.notifyMouse(View.java:937)
	at com.sun.glass.ui.win.WinApplication._runLoop(Native Method)
	at com.sun.glass.ui.win.WinApplication.lambda$null$147(WinApplication.java:177)
	at java.lang.Thread.run(Thread.java:748)

feb 02, 2026 9:17:47 AM controller.MarketWindowController handleReport
INFORMACIÓN: El usuario ha solicitado generar el informe PDF.
feb 02, 2026 9:17:47 AM net.sf.jasperreports.engine.component.ComponentsEnvironment findBundles
ADVERTENCIA: Found two components for namespace http://jasperreports.sourceforge.net/jasperreports/components
feb 02, 2026 9:17:47 AM net.sf.jasperreports.engine.part.PartComponentsEnvironment findBundles
ADVERTENCIA: Found two components for namespace http://jasperreports.sourceforge.net/jasperreports/parts
feb 02, 2026 9:17:47 AM net.sf.jasperreports.engine.component.ComponentsEnvironment findBundles
ADVERTENCIA: Found two components for namespace http://jasperreports.sourceforge.net/jasperreports/components
feb 02, 2026 9:17:47 AM net.sf.jasperreports.engine.component.ComponentsEnvironment findBundles
ADVERTENCIA: Found two components for namespace http://jasperreports.sourceforge.net/jasperreports/components
feb 02, 2026 9:17:47 AM net.sf.jasperreports.engine.part.PartComponentsEnvironment findBundles
ADVERTENCIA: Found two components for namespace http://jasperreports.sourceforge.net/jasperreports/parts
feb 02, 2026 9:17:48 AM controller.MarketWindowController handleReport
INFORMACIÓN: Informe generado con éxito.
feb 02, 2026 9:32:39 AM main.Main start
INFORMACIÓN: >>> INICIO DE LA APLICACIÓN <<<
feb 02, 2026 9:32:42 AM javafx.fxml.FXMLLoader$ValueElement processValue
ADVERTENCIA: Loading FXML document with JavaFX API of version 21 by JavaFX runtime of version 8.0.181
feb 02, 2026 10:54:27 AM main.Main start
INFORMACIÓN: >>> INICIO DE LA APLICACIÓN <<<
feb 02, 2026 10:54:30 AM javafx.fxml.FXMLLoader$ValueElement processValue
ADVERTENCIA: Loading FXML document with JavaFX API of version 21 by JavaFX runtime of version 8.0.181
feb 03, 2026 9:41:30 AM main.Main start
INFORMACIÓN: >>> INICIO DE LA APLICACIÓN <<<
feb 03, 2026 9:41:32 AM javafx.fxml.FXMLLoader$ValueElement processValue
ADVERTENCIA: Loading FXML document with JavaFX API of version 21 by JavaFX runtime of version 8.0.181
feb 03, 2026 9:51:51 AM main.Main start
INFORMACIÓN: >>> INICIO DE LA APLICACIÓN <<<
feb 03, 2026 9:51:54 AM javafx.fxml.FXMLLoader$ValueElement processValue
ADVERTENCIA: Loading FXML document with JavaFX API of version 25 by JavaFX runtime of version 8.0.181
feb 03, 2026 9:52:13 AM main.Main start
INFORMACIÓN: >>> INICIO DE LA APLICACIÓN <<<
feb 03, 2026 9:52:16 AM javafx.fxml.FXMLLoader$ValueElement processValue
ADVERTENCIA: Loading FXML document with JavaFX API of version 25 by JavaFX runtime of version 8.0.181
feb 03, 2026 10:01:42 AM main.Main start
INFORMACIÓN: >>> INICIO DE LA APLICACIÓN <<<
feb 03, 2026 10:01:44 AM javafx.fxml.FXMLLoader$ValueElement processValue
ADVERTENCIA: Loading FXML document with JavaFX API of version 25 by JavaFX runtime of version 8.0.181
feb 03, 2026 10:01:46 AM controller.MarketWindowController openUser
INFORMACIÓN: Cerrando sesión y volviendo al Login...
feb 03, 2026 10:01:46 AM javafx.fxml.FXMLLoader$ValueElement processValue
ADVERTENCIA: Loading FXML document with JavaFX API of version 24.0.1 by JavaFX runtime of version 8.0.181
feb 03, 2026 10:01:47 AM controller.MarketWindowController openUser
INFORMACIÓN: Ventana de Login abierta .
feb 03, 2026 10:01:53 AM javafx.fxml.FXMLLoader$ValueElement processValue
ADVERTENCIA: Loading FXML document with JavaFX API of version 24.0.1 by JavaFX runtime of version 8.0.181
feb 03, 2026 10:02:27 AM main.Main start
INFORMACIÓN: >>> INICIO DE LA APLICACIÓN <<<
feb 03, 2026 10:02:29 AM javafx.fxml.FXMLLoader$ValueElement processValue
ADVERTENCIA: Loading FXML document with JavaFX API of version 25 by JavaFX runtime of version 8.0.181
feb 03, 2026 10:02:32 AM controller.MarketWindowController openUser
INFORMACIÓN: Cerrando sesión y volviendo al Login...
feb 03, 2026 10:02:32 AM javafx.fxml.FXMLLoader$ValueElement processValue
ADVERTENCIA: Loading FXML document with JavaFX API of version 24.0.1 by JavaFX runtime of version 8.0.181
feb 03, 2026 10:02:32 AM controller.MarketWindowController openUser
INFORMACIÓN: Ventana de Login abierta .
feb 03, 2026 10:02:38 AM javafx.fxml.FXMLLoader$ValueElement processValue
ADVERTENCIA: Loading FXML document with JavaFX API of version 24.0.1 by JavaFX runtime of version 8.0.181
feb 03, 2026 10:02:42 AM main.Main start
INFORMACIÓN: >>> INICIO DE LA APLICACIÓN <<<
feb 03, 2026 10:02:45 AM javafx.fxml.FXMLLoader$ValueElement processValue
ADVERTENCIA: Loading FXML document with JavaFX API of version 25 by JavaFX runtime of version 8.0.181
feb 03, 2026 10:02:47 AM controller.MarketWindowController openUser
INFORMACIÓN: Cerrando sesión y volviendo al Login...
feb 03, 2026 10:02:47 AM javafx.fxml.FXMLLoader$ValueElement processValue
ADVERTENCIA: Loading FXML document with JavaFX API of version 24.0.1 by JavaFX runtime of version 8.0.181
feb 03, 2026 10:02:47 AM controller.MarketWindowController openUser
INFORMACIÓN: Ventana de Login abierta .
feb 03, 2026 10:02:49 AM javafx.fxml.FXMLLoader$ValueElement processValue
ADVERTENCIA: Loading FXML document with JavaFX API of version 24.0.1 by JavaFX runtime of version 8.0.181
feb 03, 2026 10:03:19 AM javafx.fxml.FXMLLoader$ValueElement processValue
ADVERTENCIA: Loading FXML document with JavaFX API of version 24.0.1 by JavaFX runtime of version 8.0.181
feb 03, 2026 10:03:25 AM javafx.fxml.FXMLLoader$ValueElement processValue
ADVERTENCIA: Loading FXML document with JavaFX API of version 24.0.1 by JavaFX runtime of version 8.0.181
feb 03, 2026 10:03:28 AM javafx.fxml.FXMLLoader$ValueElement processValue
ADVERTENCIA: Loading FXML document with JavaFX API of version 24.0.1 by JavaFX runtime of version 8.0.181
feb 03, 2026 10:03:31 AM javafx.fxml.FXMLLoader$ValueElement processValue
ADVERTENCIA: Loading FXML document with JavaFX API of version 24.0.1 by JavaFX runtime of version 8.0.181
feb 03, 2026 10:03:33 AM javafx.fxml.FXMLLoader$ValueElement processValue
ADVERTENCIA: Loading FXML document with JavaFX API of version 24.0.1 by JavaFX runtime of version 8.0.181
feb 03, 2026 10:03:54 AM main.Main start
INFORMACIÓN: >>> INICIO DE LA APLICACIÓN <<<
feb 03, 2026 10:03:57 AM javafx.fxml.FXMLLoader$ValueElement processValue
ADVERTENCIA: Loading FXML document with JavaFX API of version 25 by JavaFX runtime of version 8.0.181
feb 03, 2026 10:03:59 AM controller.MarketWindowController openUser
INFORMACIÓN: Cerrando sesión y volviendo al Login...
feb 03, 2026 10:03:59 AM javafx.fxml.FXMLLoader$ValueElement processValue
ADVERTENCIA: Loading FXML document with JavaFX API of version 24.0.1 by JavaFX runtime of version 8.0.181
feb 03, 2026 10:03:59 AM controller.MarketWindowController openUser
INFORMACIÓN: Ventana de Login abierta .
feb 03, 2026 12:56:34 PM main.Main start
INFORMACIÓN: >>> INICIO DE LA APLICACIÓN <<<
feb 03, 2026 12:56:38 PM javafx.fxml.FXMLLoader$ValueElement processValue
ADVERTENCIA: Loading FXML document with JavaFX API of version 25 by JavaFX runtime of version 8.0.181
feb 03, 2026 12:56:40 PM controller.MarketWindowController openUser
INFORMACIÓN: Cerrando sesión y volviendo al Login...
feb 03, 2026 12:56:41 PM javafx.fxml.FXMLLoader$ValueElement processValue
ADVERTENCIA: Loading FXML document with JavaFX API of version 24.0.1 by JavaFX runtime of version 8.0.181
feb 03, 2026 12:56:41 PM controller.MarketWindowController openUser
INFORMACIÓN: Ventana de Login abierta .
feb 03, 2026 12:56:47 PM javafx.fxml.FXMLLoader$ValueElement processValue
ADVERTENCIA: Loading FXML document with JavaFX API of version 24.0.1 by JavaFX runtime of version 8.0.181
feb 03, 2026 12:56:54 PM javafx.fxml.FXMLLoader$ValueElement processValue
ADVERTENCIA: Loading FXML document with JavaFX API of version 9.0.1 by JavaFX runtime of version 8.0.181
feb 03, 2026 12:57:47 PM controller.RestockController restockBoxes
INFORMACIÓN: ADMIN: Añadidas 10 cajas de Magic
feb 03, 2026 12:58:14 PM controller.RestockController restockBoxes
INFORMACIÓN: ADMIN: Añadidas 100 cajas de Magic
feb 03, 2026 1:00:56 PM controller.RestockController restockBoxes
INFORMACIÓN: ADMIN: Añadidas 100 cajas de Magic
feb 03, 2026 1:38:39 PM main.Main start
INFORMACIÓN: >>> INICIO DE LA APLICACIÓN <<<
feb 03, 2026 1:38:42 PM javafx.fxml.FXMLLoader$ValueElement processValue
ADVERTENCIA: Loading FXML document with JavaFX API of version 25 by JavaFX runtime of version 8.0.181
feb 03, 2026 1:38:44 PM controller.MarketWindowController openUser
INFORMACIÓN: Cerrando sesión y volviendo al Login...
feb 03, 2026 1:38:44 PM javafx.fxml.FXMLLoader$ValueElement processValue
ADVERTENCIA: Loading FXML document with JavaFX API of version 24.0.1 by JavaFX runtime of version 8.0.181
feb 03, 2026 1:38:44 PM controller.MarketWindowController openUser
INFORMACIÓN: Ventana de Login abierta .
feb 03, 2026 1:38:50 PM javafx.fxml.FXMLLoader$ValueElement processValue
ADVERTENCIA: Loading FXML document with JavaFX API of version 24.0.1 by JavaFX runtime of version 8.0.181
feb 03, 2026 1:38:51 PM javafx.fxml.FXMLLoader$ValueElement processValue
ADVERTENCIA: Loading FXML document with JavaFX API of version 9.0.1 by JavaFX runtime of version 8.0.181
feb 03, 2026 1:38:51 PM controller.RestockController initialize
INFORMACIÓN: Productos cargados correctamente para gestión de stock.
feb 03, 2026 1:39:01 PM javafx.fxml.FXMLLoader$ValueElement processValue
ADVERTENCIA: Loading FXML document with JavaFX API of version 9.0.1 by JavaFX runtime of version 8.0.181
feb 03, 2026 1:39:01 PM controller.RestockController initialize
INFORMACIÓN: Productos cargados correctamente para gestión de stock.
feb 03, 2026 1:39:05 PM javafx.fxml.FXMLLoader$ValueElement processValue
ADVERTENCIA: Loading FXML document with JavaFX API of version 24.0.1 by JavaFX runtime of version 8.0.181
feb 03, 2026 1:39:23 PM dao.DBImplementation updateProduct
INFORMACIÓN: Stock actualizado en BD para: Pokemon 151 - Elite Box (Nuevo stock: 18)
feb 03, 2026 1:39:23 PM controller.RestockController restockBoxes
INFORMACIÓN: ADMIN: Añadidas 10 cajas de Pokemon. Nuevo stock: 18
feb 03, 2026 1:39:31 PM dao.DBImplementation updateProduct
INFORMACIÓN: Stock actualizado en BD para: Pokemon 151 - Elite Box (Nuevo stock: 28)
feb 03, 2026 1:39:31 PM controller.RestockController restockBoxes
INFORMACIÓN: ADMIN: Añadidas 10 cajas de Pokemon. Nuevo stock: 28
feb 03, 2026 1:39:45 PM dao.DBImplementation updateProduct
INFORMACIÓN: Stock actualizado en BD para: Pokemon 151 - Elite Box (Nuevo stock: 128)
feb 03, 2026 1:39:45 PM controller.RestockController restockBoxes
INFORMACIÓN: ADMIN: Añadidas 100 cajas de Pokemon. Nuevo stock: 128
feb 03, 2026 1:40:04 PM dao.DBImplementation updateProduct
INFORMACIÓN: Stock actualizado en BD para: Mewtwo GX (Nuevo stock: 16)
feb 03, 2026 1:40:04 PM dao.DBImplementation updateProduct
INFORMACIÓN: Stock actualizado en BD para: Squirtle (Nuevo stock: 31)
feb 03, 2026 1:40:04 PM dao.DBImplementation updateProduct
INFORMACIÓN: Stock actualizado en BD para: Pikachu Illustrator (Nuevo stock: 2)
feb 03, 2026 1:40:04 PM dao.DBImplementation updateProduct
INFORMACIÓN: Stock actualizado en BD para: Squirtle (Nuevo stock: 32)
feb 03, 2026 1:40:04 PM dao.DBImplementation updateProduct
INFORMACIÓN: Stock actualizado en BD para: Squirtle (Nuevo stock: 33)
feb 03, 2026 1:40:04 PM dao.DBImplementation updateProduct
INFORMACIÓN: Stock actualizado en BD para: Mewtwo GX (Nuevo stock: 17)
feb 03, 2026 1:40:04 PM dao.DBImplementation updateProduct
INFORMACIÓN: Stock actualizado en BD para: Pikachu Illustrator (Nuevo stock: 3)
feb 03, 2026 1:40:04 PM dao.DBImplementation updateProduct
INFORMACIÓN: Stock actualizado en BD para: Squirtle (Nuevo stock: 34)
feb 03, 2026 1:40:04 PM dao.DBImplementation updateProduct
INFORMACIÓN: Stock actualizado en BD para: Charizard Base Set (Nuevo stock: 4)
feb 03, 2026 1:40:05 PM threads.HiloConnection run
GRAVE: null
java.sql.SQLException: Cannot get a connection, general error
	at org.apache.commons.dbcp2.PoolingDataSource.getConnection(PoolingDataSource.java:150)
	at org.apache.commons.dbcp2.BasicDataSource.getConnection(BasicDataSource.java:723)
	at pull.ConnectionPool.getConnection(ConnectionPool.java:52)
	at threads.HiloConnection.run(HiloConnection.java:57)
Caused by: java.lang.InterruptedException
	at java.util.concurrent.locks.AbstractQueuedSynchronizer$ConditionObject.reportInterruptAfterWait(AbstractQueuedSynchronizer.java:2014)
	at java.util.concurrent.locks.AbstractQueuedSynchronizer$ConditionObject.awaitNanos(AbstractQueuedSynchronizer.java:2088)
	at org.apache.commons.pool2.impl.LinkedBlockingDeque.pollFirst(LinkedBlockingDeque.java:917)
	at org.apache.commons.pool2.impl.GenericObjectPool.borrowObject(GenericObjectPool.java:306)
	at org.apache.commons.pool2.impl.GenericObjectPool.borrowObject(GenericObjectPool.java:231)
	at org.apache.commons.dbcp2.PoolingDataSource.getConnection(PoolingDataSource.java:138)
	... 3 more

feb 03, 2026 1:40:06 PM threads.HiloConnection run
GRAVE: null
java.sql.SQLException: Cannot get a connection, general error
	at org.apache.commons.dbcp2.PoolingDataSource.getConnection(PoolingDataSource.java:150)
	at org.apache.commons.dbcp2.BasicDataSource.getConnection(BasicDataSource.java:723)
	at pull.ConnectionPool.getConnection(ConnectionPool.java:52)
	at threads.HiloConnection.run(HiloConnection.java:57)
Caused by: java.lang.InterruptedException
	at java.util.concurrent.locks.AbstractQueuedSynchronizer$ConditionObject.reportInterruptAfterWait(AbstractQueuedSynchronizer.java:2014)
	at java.util.concurrent.locks.AbstractQueuedSynchronizer$ConditionObject.awaitNanos(AbstractQueuedSynchronizer.java:2088)
	at org.apache.commons.pool2.impl.LinkedBlockingDeque.pollFirst(LinkedBlockingDeque.java:917)
	at org.apache.commons.pool2.impl.GenericObjectPool.borrowObject(GenericObjectPool.java:306)
	at org.apache.commons.pool2.impl.GenericObjectPool.borrowObject(GenericObjectPool.java:231)
	at org.apache.commons.dbcp2.PoolingDataSource.getConnection(PoolingDataSource.java:138)
	... 3 more

feb 03, 2026 1:40:07 PM threads.HiloConnection run
GRAVE: null
java.sql.SQLException: Cannot get a connection, general error
	at org.apache.commons.dbcp2.PoolingDataSource.getConnection(PoolingDataSource.java:150)
	at org.apache.commons.dbcp2.BasicDataSource.getConnection(BasicDataSource.java:723)
	at pull.ConnectionPool.getConnection(ConnectionPool.java:52)
	at threads.HiloConnection.run(HiloConnection.java:57)
Caused by: java.lang.InterruptedException
	at java.util.concurrent.locks.AbstractQueuedSynchronizer$ConditionObject.reportInterruptAfterWait(AbstractQueuedSynchronizer.java:2014)
	at java.util.concurrent.locks.AbstractQueuedSynchronizer$ConditionObject.awaitNanos(AbstractQueuedSynchronizer.java:2088)
	at org.apache.commons.pool2.impl.LinkedBlockingDeque.pollFirst(LinkedBlockingDeque.java:917)
	at org.apache.commons.pool2.impl.GenericObjectPool.borrowObject(GenericObjectPool.java:306)
	at org.apache.commons.pool2.impl.GenericObjectPool.borrowObject(GenericObjectPool.java:231)
	at org.apache.commons.dbcp2.PoolingDataSource.getConnection(PoolingDataSource.java:138)
	... 3 more

feb 03, 2026 1:40:11 PM threads.HiloConnection run
GRAVE: null
java.sql.SQLException: Cannot get a connection, general error
	at org.apache.commons.dbcp2.PoolingDataSource.getConnection(PoolingDataSource.java:150)
	at org.apache.commons.dbcp2.BasicDataSource.getConnection(BasicDataSource.java:723)
	at pull.ConnectionPool.getConnection(ConnectionPool.java:52)
	at threads.HiloConnection.run(HiloConnection.java:57)
Caused by: java.lang.InterruptedException
	at java.util.concurrent.locks.AbstractQueuedSynchronizer$ConditionObject.reportInterruptAfterWait(AbstractQueuedSynchronizer.java:2014)
	at java.util.concurrent.locks.AbstractQueuedSynchronizer$ConditionObject.awaitNanos(AbstractQueuedSynchronizer.java:2088)
	at org.apache.commons.pool2.impl.LinkedBlockingDeque.pollFirst(LinkedBlockingDeque.java:917)
	at org.apache.commons.pool2.impl.GenericObjectPool.borrowObject(GenericObjectPool.java:306)
	at org.apache.commons.pool2.impl.GenericObjectPool.borrowObject(GenericObjectPool.java:231)
	at org.apache.commons.dbcp2.PoolingDataSource.getConnection(PoolingDataSource.java:138)
	... 3 more

feb 03, 2026 1:40:12 PM threads.HiloConnection run
GRAVE: null
java.sql.SQLException: Cannot get a connection, general error
	at org.apache.commons.dbcp2.PoolingDataSource.getConnection(PoolingDataSource.java:150)
	at org.apache.commons.dbcp2.BasicDataSource.getConnection(BasicDataSource.java:723)
	at pull.ConnectionPool.getConnection(ConnectionPool.java:52)
	at threads.HiloConnection.run(HiloConnection.java:57)
Caused by: java.lang.InterruptedException
	at java.util.concurrent.locks.AbstractQueuedSynchronizer$ConditionObject.reportInterruptAfterWait(AbstractQueuedSynchronizer.java:2014)
	at java.util.concurrent.locks.AbstractQueuedSynchronizer$ConditionObject.awaitNanos(AbstractQueuedSynchronizer.java:2088)
	at org.apache.commons.pool2.impl.LinkedBlockingDeque.pollFirst(LinkedBlockingDeque.java:917)
	at org.apache.commons.pool2.impl.GenericObjectPool.borrowObject(GenericObjectPool.java:306)
	at org.apache.commons.pool2.impl.GenericObjectPool.borrowObject(GenericObjectPool.java:231)
	at org.apache.commons.dbcp2.PoolingDataSource.getConnection(PoolingDataSource.java:138)
	... 3 more

feb 03, 2026 1:40:12 PM threads.HiloConnection run
GRAVE: null
java.sql.SQLException: Cannot get a connection, general error
	at org.apache.commons.dbcp2.PoolingDataSource.getConnection(PoolingDataSource.java:150)
	at org.apache.commons.dbcp2.BasicDataSource.getConnection(BasicDataSource.java:723)
	at pull.ConnectionPool.getConnection(ConnectionPool.java:52)
	at threads.HiloConnection.run(HiloConnection.java:57)
Caused by: java.lang.InterruptedException
	at java.util.concurrent.locks.AbstractQueuedSynchronizer$ConditionObject.reportInterruptAfterWait(AbstractQueuedSynchronizer.java:2014)
	at java.util.concurrent.locks.AbstractQueuedSynchronizer$ConditionObject.awaitNanos(AbstractQueuedSynchronizer.java:2088)
	at org.apache.commons.pool2.impl.LinkedBlockingDeque.pollFirst(LinkedBlockingDeque.java:917)
	at org.apache.commons.pool2.impl.GenericObjectPool.borrowObject(GenericObjectPool.java:306)
	at org.apache.commons.pool2.impl.GenericObjectPool.borrowObject(GenericObjectPool.java:231)
	at org.apache.commons.dbcp2.PoolingDataSource.getConnection(PoolingDataSource.java:138)
	... 3 more

feb 03, 2026 1:40:15 PM threads.HiloConnection run
GRAVE: null
java.sql.SQLException: Cannot get a connection, general error
	at org.apache.commons.dbcp2.PoolingDataSource.getConnection(PoolingDataSource.java:150)
	at org.apache.commons.dbcp2.BasicDataSource.getConnection(BasicDataSource.java:723)
	at pull.ConnectionPool.getConnection(ConnectionPool.java:52)
	at threads.HiloConnection.run(HiloConnection.java:57)
Caused by: java.lang.InterruptedException
	at java.util.concurrent.locks.AbstractQueuedSynchronizer$ConditionObject.reportInterruptAfterWait(AbstractQueuedSynchronizer.java:2014)
	at java.util.concurrent.locks.AbstractQueuedSynchronizer$ConditionObject.awaitNanos(AbstractQueuedSynchronizer.java:2088)
	at org.apache.commons.pool2.impl.LinkedBlockingDeque.pollFirst(LinkedBlockingDeque.java:917)
	at org.apache.commons.pool2.impl.GenericObjectPool.borrowObject(GenericObjectPool.java:306)
	at org.apache.commons.pool2.impl.GenericObjectPool.borrowObject(GenericObjectPool.java:231)
	at org.apache.commons.dbcp2.PoolingDataSource.getConnection(PoolingDataSource.java:138)
	... 3 more

feb 03, 2026 1:40:15 PM dao.DBImplementation updateProduct
INFORMACIÓN: Stock actualizado en BD para: Squirtle (Nuevo stock: 37)
feb 03, 2026 1:40:16 PM threads.HiloConnection run
GRAVE: null
java.sql.SQLException: Cannot get a connection, general error
	at org.apache.commons.dbcp2.PoolingDataSource.getConnection(PoolingDataSource.java:150)
	at org.apache.commons.dbcp2.BasicDataSource.getConnection(BasicDataSource.java:723)
	at pull.ConnectionPool.getConnection(ConnectionPool.java:52)
	at threads.HiloConnection.run(HiloConnection.java:57)
Caused by: java.lang.InterruptedException
	at java.util.concurrent.locks.AbstractQueuedSynchronizer$ConditionObject.reportInterruptAfterWait(AbstractQueuedSynchronizer.java:2014)
	at java.util.concurrent.locks.AbstractQueuedSynchronizer$ConditionObject.awaitNanos(AbstractQueuedSynchronizer.java:2088)
	at org.apache.commons.pool2.impl.LinkedBlockingDeque.pollFirst(LinkedBlockingDeque.java:917)
	at org.apache.commons.pool2.impl.GenericObjectPool.borrowObject(GenericObjectPool.java:306)
	at org.apache.commons.pool2.impl.GenericObjectPool.borrowObject(GenericObjectPool.java:231)
	at org.apache.commons.dbcp2.PoolingDataSource.getConnection(PoolingDataSource.java:138)
	... 3 more

feb 03, 2026 1:40:16 PM threads.HiloConnection run
GRAVE: null
java.sql.SQLException: Cannot get a connection, general error
	at org.apache.commons.dbcp2.PoolingDataSource.getConnection(PoolingDataSource.java:150)
	at org.apache.commons.dbcp2.BasicDataSource.getConnection(BasicDataSource.java:723)
	at pull.ConnectionPool.getConnection(ConnectionPool.java:52)
	at threads.HiloConnection.run(HiloConnection.java:57)
Caused by: java.lang.InterruptedException
	at java.util.concurrent.locks.AbstractQueuedSynchronizer$ConditionObject.reportInterruptAfterWait(AbstractQueuedSynchronizer.java:2014)
	at java.util.concurrent.locks.AbstractQueuedSynchronizer$ConditionObject.awaitNanos(AbstractQueuedSynchronizer.java:2088)
	at org.apache.commons.pool2.impl.LinkedBlockingDeque.pollFirst(LinkedBlockingDeque.java:917)
	at org.apache.commons.pool2.impl.GenericObjectPool.borrowObject(GenericObjectPool.java:306)
	at org.apache.commons.pool2.impl.GenericObjectPool.borrowObject(GenericObjectPool.java:231)
	at org.apache.commons.dbcp2.PoolingDataSource.getConnection(PoolingDataSource.java:138)
	... 3 more

feb 03, 2026 1:40:17 PM threads.HiloConnection run
GRAVE: null
java.sql.SQLException: Cannot get a connection, general error
	at org.apache.commons.dbcp2.PoolingDataSource.getConnection(PoolingDataSource.java:150)
	at org.apache.commons.dbcp2.BasicDataSource.getConnection(BasicDataSource.java:723)
	at pull.ConnectionPool.getConnection(ConnectionPool.java:52)
	at threads.HiloConnection.run(HiloConnection.java:57)
Caused by: java.lang.InterruptedException
	at java.util.concurrent.locks.AbstractQueuedSynchronizer$ConditionObject.reportInterruptAfterWait(AbstractQueuedSynchronizer.java:2014)
	at java.util.concurrent.locks.AbstractQueuedSynchronizer$ConditionObject.awaitNanos(AbstractQueuedSynchronizer.java:2088)
	at org.apache.commons.pool2.impl.LinkedBlockingDeque.pollFirst(LinkedBlockingDeque.java:917)
	at org.apache.commons.pool2.impl.GenericObjectPool.borrowObject(GenericObjectPool.java:306)
	at org.apache.commons.pool2.impl.GenericObjectPool.borrowObject(GenericObjectPool.java:231)
	at org.apache.commons.dbcp2.PoolingDataSource.getConnection(PoolingDataSource.java:138)
	... 3 more

feb 03, 2026 1:40:17 PM threads.HiloConnection run
GRAVE: null
java.sql.SQLException: Cannot get a connection, general error
	at org.apache.commons.dbcp2.PoolingDataSource.getConnection(PoolingDataSource.java:150)
	at org.apache.commons.dbcp2.BasicDataSource.getConnection(BasicDataSource.java:723)
	at pull.ConnectionPool.getConnection(ConnectionPool.java:52)
	at threads.HiloConnection.run(HiloConnection.java:57)
Caused by: java.lang.InterruptedException
	at java.util.concurrent.locks.AbstractQueuedSynchronizer$ConditionObject.reportInterruptAfterWait(AbstractQueuedSynchronizer.java:2014)
	at java.util.concurrent.locks.AbstractQueuedSynchronizer$ConditionObject.awaitNanos(AbstractQueuedSynchronizer.java:2088)
	at org.apache.commons.pool2.impl.LinkedBlockingDeque.pollFirst(LinkedBlockingDeque.java:917)
	at org.apache.commons.pool2.impl.GenericObjectPool.borrowObject(GenericObjectPool.java:306)
	at org.apache.commons.pool2.impl.GenericObjectPool.borrowObject(GenericObjectPool.java:231)
	at org.apache.commons.dbcp2.PoolingDataSource.getConnection(PoolingDataSource.java:138)
	... 3 more

feb 03, 2026 1:40:19 PM threads.HiloConnection run
GRAVE: null
java.sql.SQLException: Cannot get a connection, general error
	at org.apache.commons.dbcp2.PoolingDataSource.getConnection(PoolingDataSource.java:150)
	at org.apache.commons.dbcp2.BasicDataSource.getConnection(BasicDataSource.java:723)
	at pull.ConnectionPool.getConnection(ConnectionPool.java:52)
	at threads.HiloConnection.run(HiloConnection.java:57)
Caused by: java.lang.InterruptedException
	at java.util.concurrent.locks.AbstractQueuedSynchronizer$ConditionObject.reportInterruptAfterWait(AbstractQueuedSynchronizer.java:2014)
	at java.util.concurrent.locks.AbstractQueuedSynchronizer$ConditionObject.awaitNanos(AbstractQueuedSynchronizer.java:2088)
	at org.apache.commons.pool2.impl.LinkedBlockingDeque.pollFirst(LinkedBlockingDeque.java:917)
	at org.apache.commons.pool2.impl.GenericObjectPool.borrowObject(GenericObjectPool.java:306)
	at org.apache.commons.pool2.impl.GenericObjectPool.borrowObject(GenericObjectPool.java:231)
	at org.apache.commons.dbcp2.PoolingDataSource.getConnection(PoolingDataSource.java:138)
	... 3 more

feb 03, 2026 1:40:52 PM main.Main start
INFORMACIÓN: >>> INICIO DE LA APLICACIÓN <<<
feb 03, 2026 1:40:55 PM javafx.fxml.FXMLLoader$ValueElement processValue
ADVERTENCIA: Loading FXML document with JavaFX API of version 25 by JavaFX runtime of version 8.0.181
feb 03, 2026 1:41:01 PM controller.MarketWindowController openUser
INFORMACIÓN: Cerrando sesión y volviendo al Login...
feb 03, 2026 1:41:01 PM javafx.fxml.FXMLLoader$ValueElement processValue
ADVERTENCIA: Loading FXML document with JavaFX API of version 24.0.1 by JavaFX runtime of version 8.0.181
feb 03, 2026 1:41:02 PM controller.MarketWindowController openUser
INFORMACIÓN: Ventana de Login abierta .
feb 03, 2026 1:41:06 PM javafx.fxml.FXMLLoader$ValueElement processValue
ADVERTENCIA: Loading FXML document with JavaFX API of version 24.0.1 by JavaFX runtime of version 8.0.181
feb 03, 2026 1:41:07 PM javafx.fxml.FXMLLoader$ValueElement processValue
ADVERTENCIA: Loading FXML document with JavaFX API of version 9.0.1 by JavaFX runtime of version 8.0.181
feb 03, 2026 1:41:07 PM controller.RestockController initialize
INFORMACIÓN: Productos cargados correctamente para gestión de stock.
feb 03, 2026 1:41:13 PM dao.DBImplementation updateProduct
INFORMACIÓN: Stock actualizado en BD para: Squirtle (Nuevo stock: 31)
feb 03, 2026 1:41:13 PM dao.DBImplementation updateProduct
INFORMACIÓN: Stock actualizado en BD para: Pikachu Illustrator (Nuevo stock: 2)
feb 03, 2026 1:41:13 PM dao.DBImplementation updateProduct
INFORMACIÓN: Stock actualizado en BD para: Bulbasaur (Nuevo stock: 31)
feb 03, 2026 1:41:13 PM dao.DBImplementation updateProduct
INFORMACIÓN: Stock actualizado en BD para: Mewtwo GX (Nuevo stock: 16)
feb 03, 2026 1:41:13 PM dao.DBImplementation updateProduct
INFORMACIÓN: Stock actualizado en BD para: Pikachu Illustrator (Nuevo stock: 3)
feb 03, 2026 1:41:13 PM dao.DBImplementation updateProduct
INFORMACIÓN: Stock actualizado en BD para: Pikachu Illustrator (Nuevo stock: 4)
feb 03, 2026 1:41:13 PM dao.DBImplementation updateProduct
INFORMACIÓN: Stock actualizado en BD para: Bulbasaur (Nuevo stock: 32)
feb 03, 2026 1:41:13 PM dao.DBImplementation updateProduct
INFORMACIÓN: Stock actualizado en BD para: Squirtle (Nuevo stock: 32)
feb 03, 2026 1:41:13 PM dao.DBImplementation updateProduct
INFORMACIÓN: Stock actualizado en BD para: Squirtle (Nuevo stock: 33)
feb 03, 2026 1:41:13 PM dao.DBImplementation updateProduct
INFORMACIÓN: Stock actualizado en BD para: Mewtwo GX (Nuevo stock: 17)
feb 03, 2026 1:41:14 PM threads.HiloConnection run
GRAVE: null
java.sql.SQLException: Cannot get a connection, general error
	at org.apache.commons.dbcp2.PoolingDataSource.getConnection(PoolingDataSource.java:150)
	at org.apache.commons.dbcp2.BasicDataSource.getConnection(BasicDataSource.java:723)
	at pull.ConnectionPool.getConnection(ConnectionPool.java:52)
	at threads.HiloConnection.run(HiloConnection.java:57)
Caused by: java.lang.InterruptedException
	at java.util.concurrent.locks.AbstractQueuedSynchronizer$ConditionObject.reportInterruptAfterWait(AbstractQueuedSynchronizer.java:2014)
	at java.util.concurrent.locks.AbstractQueuedSynchronizer$ConditionObject.awaitNanos(AbstractQueuedSynchronizer.java:2088)
	at org.apache.commons.pool2.impl.LinkedBlockingDeque.pollFirst(LinkedBlockingDeque.java:917)
	at org.apache.commons.pool2.impl.GenericObjectPool.borrowObject(GenericObjectPool.java:306)
	at org.apache.commons.pool2.impl.GenericObjectPool.borrowObject(GenericObjectPool.java:231)
	at org.apache.commons.dbcp2.PoolingDataSource.getConnection(PoolingDataSource.java:138)
	... 3 more

feb 03, 2026 1:42:04 PM dao.DBImplementation updateProduct
INFORMACIÓN: Stock actualizado en BD para: Bulbasaur (Nuevo stock: 34)
feb 03, 2026 1:42:04 PM dao.DBImplementation updateProduct
INFORMACIÓN: Stock actualizado en BD para: Squirtle (Nuevo stock: 34)
feb 03, 2026 1:42:04 PM dao.DBImplementation updateProduct
INFORMACIÓN: Stock actualizado en BD para: Pikachu Illustrator (Nuevo stock: 5)
feb 03, 2026 1:42:04 PM dao.DBImplementation updateProduct
INFORMACIÓN: Stock actualizado en BD para: Pikachu Illustrator (Nuevo stock: 6)
feb 03, 2026 1:42:04 PM dao.DBImplementation updateProduct
INFORMACIÓN: Stock actualizado en BD para: Mewtwo GX (Nuevo stock: 18)
feb 03, 2026 1:42:04 PM controller.RestockController openPacks
INFORMACIÓN: ADMIN: Apertura de 1 sobres de Pokemon realizada.
feb 03, 2026 1:42:09 PM dao.DBImplementation updateProduct
INFORMACIÓN: Stock actualizado en BD para: Squirtle (Nuevo stock: 35)
feb 03, 2026 1:42:09 PM dao.DBImplementation updateProduct
INFORMACIÓN: Stock actualizado en BD para: Mewtwo GX (Nuevo stock: 19)
feb 03, 2026 1:42:09 PM dao.DBImplementation updateProduct
INFORMACIÓN: Stock actualizado en BD para: Pikachu Illustrator (Nuevo stock: 7)
feb 03, 2026 1:42:09 PM dao.DBImplementation updateProduct
INFORMACIÓN: Stock actualizado en BD para: Pikachu Illustrator (Nuevo stock: 8)
feb 03, 2026 1:42:09 PM dao.DBImplementation updateProduct
INFORMACIÓN: Stock actualizado en BD para: Bulbasaur (Nuevo stock: 35)
feb 03, 2026 1:42:09 PM threads.HiloConnection run
GRAVE: null
java.sql.SQLException: Cannot get a connection, general error
	at org.apache.commons.dbcp2.PoolingDataSource.getConnection(PoolingDataSource.java:150)
	at org.apache.commons.dbcp2.BasicDataSource.getConnection(BasicDataSource.java:723)
	at pull.ConnectionPool.getConnection(ConnectionPool.java:52)
	at threads.HiloConnection.run(HiloConnection.java:57)
Caused by: java.lang.InterruptedException
	at java.util.concurrent.locks.AbstractQueuedSynchronizer$ConditionObject.reportInterruptAfterWait(AbstractQueuedSynchronizer.java:2014)
	at java.util.concurrent.locks.AbstractQueuedSynchronizer$ConditionObject.awaitNanos(AbstractQueuedSynchronizer.java:2088)
	at org.apache.commons.pool2.impl.LinkedBlockingDeque.pollFirst(LinkedBlockingDeque.java:917)
	at org.apache.commons.pool2.impl.GenericObjectPool.borrowObject(GenericObjectPool.java:306)
	at org.apache.commons.pool2.impl.GenericObjectPool.borrowObject(GenericObjectPool.java:231)
	at org.apache.commons.dbcp2.PoolingDataSource.getConnection(PoolingDataSource.java:138)
	... 3 more

feb 03, 2026 1:42:13 PM threads.HiloConnection run
GRAVE: null
java.sql.SQLException: Cannot get a connection, general error
	at org.apache.commons.dbcp2.PoolingDataSource.getConnection(PoolingDataSource.java:150)
	at org.apache.commons.dbcp2.BasicDataSource.getConnection(BasicDataSource.java:723)
	at pull.ConnectionPool.getConnection(ConnectionPool.java:52)
	at threads.HiloConnection.run(HiloConnection.java:57)
Caused by: java.lang.InterruptedException
	at java.util.concurrent.locks.AbstractQueuedSynchronizer$ConditionObject.reportInterruptAfterWait(AbstractQueuedSynchronizer.java:2014)
	at java.util.concurrent.locks.AbstractQueuedSynchronizer$ConditionObject.awaitNanos(AbstractQueuedSynchronizer.java:2088)
	at org.apache.commons.pool2.impl.LinkedBlockingDeque.pollFirst(LinkedBlockingDeque.java:917)
	at org.apache.commons.pool2.impl.GenericObjectPool.borrowObject(GenericObjectPool.java:306)
	at org.apache.commons.pool2.impl.GenericObjectPool.borrowObject(GenericObjectPool.java:231)
	at org.apache.commons.dbcp2.PoolingDataSource.getConnection(PoolingDataSource.java:138)
	... 3 more

feb 03, 2026 1:42:14 PM threads.HiloConnection run
GRAVE: null
java.sql.SQLException: Cannot get a connection, general error
	at org.apache.commons.dbcp2.PoolingDataSource.getConnection(PoolingDataSource.java:150)
	at org.apache.commons.dbcp2.BasicDataSource.getConnection(BasicDataSource.java:723)
	at pull.ConnectionPool.getConnection(ConnectionPool.java:52)
	at threads.HiloConnection.run(HiloConnection.java:57)
Caused by: java.lang.InterruptedException
	at java.util.concurrent.locks.AbstractQueuedSynchronizer$ConditionObject.reportInterruptAfterWait(AbstractQueuedSynchronizer.java:2014)
	at java.util.concurrent.locks.AbstractQueuedSynchronizer$ConditionObject.awaitNanos(AbstractQueuedSynchronizer.java:2088)
	at org.apache.commons.pool2.impl.LinkedBlockingDeque.pollFirst(LinkedBlockingDeque.java:917)
	at org.apache.commons.pool2.impl.GenericObjectPool.borrowObject(GenericObjectPool.java:306)
	at org.apache.commons.pool2.impl.GenericObjectPool.borrowObject(GenericObjectPool.java:231)
	at org.apache.commons.dbcp2.PoolingDataSource.getConnection(PoolingDataSource.java:138)
	... 3 more

feb 03, 2026 1:42:14 PM threads.HiloConnection run
GRAVE: null
java.sql.SQLException: Cannot get a connection, general error
	at org.apache.commons.dbcp2.PoolingDataSource.getConnection(PoolingDataSource.java:150)
	at org.apache.commons.dbcp2.BasicDataSource.getConnection(BasicDataSource.java:723)
	at pull.ConnectionPool.getConnection(ConnectionPool.java:52)
	at threads.HiloConnection.run(HiloConnection.java:57)
Caused by: java.lang.InterruptedException
	at java.util.concurrent.locks.AbstractQueuedSynchronizer$ConditionObject.reportInterruptAfterWait(AbstractQueuedSynchronizer.java:2014)
	at java.util.concurrent.locks.AbstractQueuedSynchronizer$ConditionObject.awaitNanos(AbstractQueuedSynchronizer.java:2088)
	at org.apache.commons.pool2.impl.LinkedBlockingDeque.pollFirst(LinkedBlockingDeque.java:917)
	at org.apache.commons.pool2.impl.GenericObjectPool.borrowObject(GenericObjectPool.java:306)
	at org.apache.commons.pool2.impl.GenericObjectPool.borrowObject(GenericObjectPool.java:231)
	at org.apache.commons.dbcp2.PoolingDataSource.getConnection(PoolingDataSource.java:138)
	... 3 more

feb 03, 2026 1:42:16 PM threads.HiloConnection run
GRAVE: null
java.sql.SQLException: Cannot get a connection, general error
	at org.apache.commons.dbcp2.PoolingDataSource.getConnection(PoolingDataSource.java:150)
	at org.apache.commons.dbcp2.BasicDataSource.getConnection(BasicDataSource.java:723)
	at pull.ConnectionPool.getConnection(ConnectionPool.java:52)
	at threads.HiloConnection.run(HiloConnection.java:57)
Caused by: java.lang.InterruptedException
	at java.util.concurrent.locks.AbstractQueuedSynchronizer$ConditionObject.reportInterruptAfterWait(AbstractQueuedSynchronizer.java:2014)
	at java.util.concurrent.locks.AbstractQueuedSynchronizer$ConditionObject.awaitNanos(AbstractQueuedSynchronizer.java:2088)
	at org.apache.commons.pool2.impl.LinkedBlockingDeque.pollFirst(LinkedBlockingDeque.java:917)
	at org.apache.commons.pool2.impl.GenericObjectPool.borrowObject(GenericObjectPool.java:306)
	at org.apache.commons.pool2.impl.GenericObjectPool.borrowObject(GenericObjectPool.java:231)
	at org.apache.commons.dbcp2.PoolingDataSource.getConnection(PoolingDataSource.java:138)
	... 3 more

feb 03, 2026 1:43:06 PM javafx.fxml.FXMLLoader$ValueElement processValue
ADVERTENCIA: Loading FXML document with JavaFX API of version 9.0.1 by JavaFX runtime of version 8.0.181
feb 03, 2026 1:43:06 PM controller.RestockController initialize
INFORMACIÓN: Productos cargados correctamente para gestión de stock.
feb 03, 2026 1:43:10 PM dao.DBImplementation updateProduct
INFORMACIÓN: Stock actualizado en BD para: Squirtle (Nuevo stock: 36)
feb 03, 2026 1:43:10 PM dao.DBImplementation updateProduct
INFORMACIÓN: Stock actualizado en BD para: Pikachu Illustrator (Nuevo stock: 9)
feb 03, 2026 1:43:10 PM dao.DBImplementation updateProduct
INFORMACIÓN: Stock actualizado en BD para: Pikachu Illustrator (Nuevo stock: 10)
feb 03, 2026 1:43:10 PM dao.DBImplementation updateProduct
INFORMACIÓN: Stock actualizado en BD para: Charizard Base Set (Nuevo stock: 4)
feb 03, 2026 1:43:10 PM dao.DBImplementation updateProduct
INFORMACIÓN: Stock actualizado en BD para: Squirtle (Nuevo stock: 37)
feb 03, 2026 1:43:10 PM dao.DBImplementation updateProduct
INFORMACIÓN: Stock actualizado en BD para: Mewtwo GX (Nuevo stock: 20)
feb 03, 2026 1:43:10 PM dao.DBImplementation updateProduct
INFORMACIÓN: Stock actualizado en BD para: Squirtle (Nuevo stock: 38)
feb 03, 2026 1:43:10 PM dao.DBImplementation updateProduct
INFORMACIÓN: Stock actualizado en BD para: Squirtle (Nuevo stock: 39)
feb 03, 2026 1:43:10 PM dao.DBImplementation updateProduct
INFORMACIÓN: Stock actualizado en BD para: Mewtwo GX (Nuevo stock: 21)
feb 03, 2026 1:43:10 PM dao.DBImplementation updateProduct
INFORMACIÓN: Stock actualizado en BD para: Squirtle (Nuevo stock: 40)
feb 03, 2026 1:43:10 PM controller.RestockController openPacks
INFORMACIÓN: ADMIN: Apertura de 2 sobres de Pokemon realizada.
feb 03, 2026 1:43:21 PM threads.HiloConnection run
GRAVE: null
java.sql.SQLException: Cannot get a connection, general error
	at org.apache.commons.dbcp2.PoolingDataSource.getConnection(PoolingDataSource.java:150)
	at org.apache.commons.dbcp2.BasicDataSource.getConnection(BasicDataSource.java:723)
	at pull.ConnectionPool.getConnection(ConnectionPool.java:52)
	at threads.HiloConnection.run(HiloConnection.java:57)
Caused by: java.lang.InterruptedException
	at java.util.concurrent.locks.AbstractQueuedSynchronizer$ConditionObject.reportInterruptAfterWait(AbstractQueuedSynchronizer.java:2014)
	at java.util.concurrent.locks.AbstractQueuedSynchronizer$ConditionObject.awaitNanos(AbstractQueuedSynchronizer.java:2088)
	at org.apache.commons.pool2.impl.LinkedBlockingDeque.pollFirst(LinkedBlockingDeque.java:917)
	at org.apache.commons.pool2.impl.GenericObjectPool.borrowObject(GenericObjectPool.java:306)
	at org.apache.commons.pool2.impl.GenericObjectPool.borrowObject(GenericObjectPool.java:231)
	at org.apache.commons.dbcp2.PoolingDataSource.getConnection(PoolingDataSource.java:138)
	... 3 more

feb 03, 2026 1:43:39 PM threads.HiloConnection run
GRAVE: null
java.sql.SQLException: Cannot get a connection, general error
	at org.apache.commons.dbcp2.PoolingDataSource.getConnection(PoolingDataSource.java:150)
	at org.apache.commons.dbcp2.BasicDataSource.getConnection(BasicDataSource.java:723)
	at pull.ConnectionPool.getConnection(ConnectionPool.java:52)
	at threads.HiloConnection.run(HiloConnection.java:57)
Caused by: java.lang.InterruptedException
	at java.util.concurrent.locks.AbstractQueuedSynchronizer$ConditionObject.reportInterruptAfterWait(AbstractQueuedSynchronizer.java:2014)
	at java.util.concurrent.locks.AbstractQueuedSynchronizer$ConditionObject.awaitNanos(AbstractQueuedSynchronizer.java:2088)
	at org.apache.commons.pool2.impl.LinkedBlockingDeque.pollFirst(LinkedBlockingDeque.java:917)
	at org.apache.commons.pool2.impl.GenericObjectPool.borrowObject(GenericObjectPool.java:306)
	at org.apache.commons.pool2.impl.GenericObjectPool.borrowObject(GenericObjectPool.java:231)
	at org.apache.commons.dbcp2.PoolingDataSource.getConnection(PoolingDataSource.java:138)
	... 3 more

feb 03, 2026 1:43:39 PM threads.HiloConnection run
GRAVE: null
java.sql.SQLException: Cannot get a connection, general error
	at org.apache.commons.dbcp2.PoolingDataSource.getConnection(PoolingDataSource.java:150)
	at org.apache.commons.dbcp2.BasicDataSource.getConnection(BasicDataSource.java:723)
	at pull.ConnectionPool.getConnection(ConnectionPool.java:52)
	at threads.HiloConnection.run(HiloConnection.java:57)
Caused by: java.lang.InterruptedException
	at java.util.concurrent.locks.AbstractQueuedSynchronizer$ConditionObject.reportInterruptAfterWait(AbstractQueuedSynchronizer.java:2014)
	at java.util.concurrent.locks.AbstractQueuedSynchronizer$ConditionObject.awaitNanos(AbstractQueuedSynchronizer.java:2088)
	at org.apache.commons.pool2.impl.LinkedBlockingDeque.pollFirst(LinkedBlockingDeque.java:917)
	at org.apache.commons.pool2.impl.GenericObjectPool.borrowObject(GenericObjectPool.java:306)
	at org.apache.commons.pool2.impl.GenericObjectPool.borrowObject(GenericObjectPool.java:231)
	at org.apache.commons.dbcp2.PoolingDataSource.getConnection(PoolingDataSource.java:138)
	... 3 more

feb 03, 2026 1:43:40 PM dao.DBImplementation updateProduct
INFORMACIÓN: Stock actualizado en BD para: Charizard Base Set (Nuevo stock: 5)
feb 03, 2026 1:43:40 PM dao.DBImplementation updateProduct
INFORMACIÓN: Stock actualizado en BD para: Mewtwo GX (Nuevo stock: 23)
feb 03, 2026 1:43:40 PM dao.DBImplementation updateProduct
INFORMACIÓN: Stock actualizado en BD para: Pikachu Illustrator (Nuevo stock: 13)
feb 03, 2026 1:43:40 PM dao.DBImplementation updateProduct
INFORMACIÓN: Stock actualizado en BD para: Mewtwo GX (Nuevo stock: 24)
feb 03, 2026 1:43:40 PM dao.DBImplementation updateProduct
INFORMACIÓN: Stock actualizado en BD para: Pikachu Illustrator (Nuevo stock: 14)
feb 03, 2026 1:43:40 PM dao.DBImplementation updateProduct
INFORMACIÓN: Stock actualizado en BD para: Charizard Base Set (Nuevo stock: 6)
feb 03, 2026 1:43:40 PM dao.DBImplementation updateProduct
INFORMACIÓN: Stock actualizado en BD para: Charizard Base Set (Nuevo stock: 7)
feb 03, 2026 1:43:40 PM dao.DBImplementation updateProduct
INFORMACIÓN: Stock actualizado en BD para: Charizard Base Set (Nuevo stock: 8)
feb 03, 2026 1:43:40 PM dao.DBImplementation updateProduct
INFORMACIÓN: Stock actualizado en BD para: Squirtle (Nuevo stock: 41)
feb 03, 2026 1:43:40 PM dao.DBImplementation updateProduct
INFORMACIÓN: Stock actualizado en BD para: Charizard Base Set (Nuevo stock: 9)
feb 03, 2026 1:43:40 PM controller.RestockController openPacks
INFORMACIÓN: ADMIN: Apertura de 2 sobres de Pokemon realizada.
feb 03, 2026 1:45:43 PM main.Main start
INFORMACIÓN: >>> INICIO DE LA APLICACIÓN <<<
feb 03, 2026 1:45:46 PM javafx.fxml.FXMLLoader$ValueElement processValue
ADVERTENCIA: Loading FXML document with JavaFX API of version 25 by JavaFX runtime of version 8.0.181
feb 03, 2026 1:45:51 PM controller.MarketWindowController openUser
INFORMACIÓN: Cerrando sesión y volviendo al Login...
feb 03, 2026 1:45:51 PM javafx.fxml.FXMLLoader$ValueElement processValue
ADVERTENCIA: Loading FXML document with JavaFX API of version 24.0.1 by JavaFX runtime of version 8.0.181
feb 03, 2026 1:45:52 PM controller.MarketWindowController openUser
INFORMACIÓN: Ventana de Login abierta .
feb 03, 2026 1:46:06 PM javafx.fxml.FXMLLoader$ValueElement processValue
ADVERTENCIA: Loading FXML document with JavaFX API of version 24.0.1 by JavaFX runtime of version 8.0.181
feb 03, 2026 1:46:29 PM javafx.fxml.FXMLLoader$ValueElement processValue
ADVERTENCIA: Loading FXML document with JavaFX API of version 9.0.1 by JavaFX runtime of version 8.0.181
feb 03, 2026 1:46:29 PM controller.RestockController initialize
INFORMACIÓN: Productos cargados correctamente para gestión de stock.
feb 03, 2026 1:48:35 PM javafx.fxml.FXMLLoader$ValueElement processValue
ADVERTENCIA: Loading FXML document with JavaFX API of version 9.0.1 by JavaFX runtime of version 8.0.181
feb 03, 2026 1:48:35 PM controller.RestockController initialize
INFORMACIÓN: Productos cargados correctamente para gestión de stock.
feb 03, 2026 1:53:25 PM main.Main start
INFORMACIÓN: >>> INICIO DE LA APLICACIÓN <<<
feb 03, 2026 1:53:27 PM javafx.fxml.FXMLLoader$ValueElement processValue
ADVERTENCIA: Loading FXML document with JavaFX API of version 25 by JavaFX runtime of version 8.0.181
feb 03, 2026 1:54:34 PM controller.MarketWindowController openUser
INFORMACIÓN: Cerrando sesión y volviendo al Login...
feb 03, 2026 1:54:34 PM javafx.fxml.FXMLLoader$ValueElement processValue
ADVERTENCIA: Loading FXML document with JavaFX API of version 24.0.1 by JavaFX runtime of version 8.0.181
feb 03, 2026 1:54:34 PM controller.MarketWindowController openUser
INFORMACIÓN: Ventana de Login abierta .
feb 03, 2026 1:54:40 PM javafx.fxml.FXMLLoader$ValueElement processValue
ADVERTENCIA: Loading FXML document with JavaFX API of version 24.0.1 by JavaFX runtime of version 8.0.181
feb 03, 2026 1:54:41 PM javafx.fxml.FXMLLoader$ValueElement processValue
ADVERTENCIA: Loading FXML document with JavaFX API of version 9.0.1 by JavaFX runtime of version 8.0.181
feb 03, 2026 1:54:41 PM controller.RestockController initialize
INFORMACIÓN: Productos cargados. Cantidad: 35
feb 03, 2026 1:55:05 PM dao.DBImplementation updateProduct
INFORMACIÓN: Stock actualizado en BD para: Pokemon 151 - Elite Box (Nuevo stock: 20)
feb 03, 2026 1:55:05 PM controller.RestockController restockBoxes
INFORMACIÓN: ADMIN: Compradas 12 cajas de Pokemon
feb 03, 2026 1:55:11 PM dao.DBImplementation updateProduct
INFORMACIÓN: Stock actualizado en BD para: Pokemon 151 - Elite Box (Nuevo stock: 8)
feb 03, 2026 1:55:11 PM controller.RestockController restockPacksFromBoxes
INFORMACIÓN: ADMIN: Restadas 12 cajas del inventario para abrir sobres.
feb 03, 2026 1:55:11 PM dao.DBImplementation updateProduct
INFORMACIÓN: Stock actualizado en BD para: Pokemon 151 - Booster Pack (Nuevo stock: 320)
feb 03, 2026 1:55:11 PM controller.RestockController restockPacksFromBoxes
INFORMACIÓN: ADMIN: Añadidos 240 sobres al inventario.
feb 03, 2026 1:55:24 PM dao.DBImplementation updateProduct
INFORMACIÓN: Stock actualizado en BD para: Squirtle (Nuevo stock: 31)
feb 03, 2026 1:55:24 PM dao.DBImplementation updateProduct
INFORMACIÓN: Stock actualizado en BD para: Squirtle (Nuevo stock: 32)
feb 03, 2026 1:55:24 PM dao.DBImplementation updateProduct
INFORMACIÓN: Stock actualizado en BD para: Pikachu Illustrator (Nuevo stock: 2)
feb 03, 2026 1:55:24 PM dao.DBImplementation updateProduct
INFORMACIÓN: Stock actualizado en BD para: Charizard Base Set (Nuevo stock: 4)
feb 03, 2026 1:55:24 PM dao.DBImplementation updateProduct
INFORMACIÓN: Stock actualizado en BD para: Mewtwo GX (Nuevo stock: 16)
feb 03, 2026 1:55:27 PM dao.DBImplementation updateProduct
INFORMACIÓN: Stock actualizado en BD para: Bulbasaur (Nuevo stock: 31)
feb 03, 2026 1:55:27 PM dao.DBImplementation updateProduct
INFORMACIÓN: Stock actualizado en BD para: Mewtwo GX (Nuevo stock: 17)
feb 03, 2026 1:55:28 PM threads.HiloConnection run
GRAVE: null
java.sql.SQLException: Cannot get a connection, general error
	at org.apache.commons.dbcp2.PoolingDataSource.getConnection(PoolingDataSource.java:150)
	at org.apache.commons.dbcp2.BasicDataSource.getConnection(BasicDataSource.java:723)
	at pull.ConnectionPool.getConnection(ConnectionPool.java:52)
	at threads.HiloConnection.run(HiloConnection.java:57)
Caused by: java.lang.InterruptedException
	at java.util.concurrent.locks.AbstractQueuedSynchronizer$ConditionObject.reportInterruptAfterWait(AbstractQueuedSynchronizer.java:2014)
	at java.util.concurrent.locks.AbstractQueuedSynchronizer$ConditionObject.awaitNanos(AbstractQueuedSynchronizer.java:2088)
	at org.apache.commons.pool2.impl.LinkedBlockingDeque.pollFirst(LinkedBlockingDeque.java:917)
	at org.apache.commons.pool2.impl.GenericObjectPool.borrowObject(GenericObjectPool.java:306)
	at org.apache.commons.pool2.impl.GenericObjectPool.borrowObject(GenericObjectPool.java:231)
	at org.apache.commons.dbcp2.PoolingDataSource.getConnection(PoolingDataSource.java:138)
	... 3 more

feb 03, 2026 2:06:38 PM main.Main start
INFORMACIÓN: >>> INICIO DE LA APLICACIÓN <<<
feb 03, 2026 2:06:41 PM javafx.fxml.FXMLLoader$ValueElement processValue
ADVERTENCIA: Loading FXML document with JavaFX API of version 25 by JavaFX runtime of version 8.0.181
feb 03, 2026 2:06:48 PM controller.MarketWindowController handleHelp
INFORMACIÓN: El usuario ha abierto la ventana de Ayuda.
feb 03, 2026 2:06:54 PM controller.MarketWindowController handleHelp
INFORMACIÓN: El usuario ha abierto la ventana de Ayuda.
feb 03, 2026 2:06:55 PM controller.MarketWindowController handleReport
INFORMACIÓN: El usuario ha solicitado generar el informe PDF.
feb 03, 2026 2:06:55 PM net.sf.jasperreports.engine.component.ComponentsEnvironment findBundles
ADVERTENCIA: Found two components for namespace http://jasperreports.sourceforge.net/jasperreports/components
feb 03, 2026 2:06:55 PM net.sf.jasperreports.engine.part.PartComponentsEnvironment findBundles
ADVERTENCIA: Found two components for namespace http://jasperreports.sourceforge.net/jasperreports/parts
feb 03, 2026 2:06:55 PM net.sf.jasperreports.engine.component.ComponentsEnvironment findBundles
ADVERTENCIA: Found two components for namespace http://jasperreports.sourceforge.net/jasperreports/components
feb 03, 2026 2:06:55 PM net.sf.jasperreports.engine.component.ComponentsEnvironment findBundles
ADVERTENCIA: Found two components for namespace http://jasperreports.sourceforge.net/jasperreports/components
feb 03, 2026 2:06:55 PM net.sf.jasperreports.engine.part.PartComponentsEnvironment findBundles
ADVERTENCIA: Found two components for namespace http://jasperreports.sourceforge.net/jasperreports/parts
feb 03, 2026 2:06:56 PM controller.MarketWindowController handleReport
INFORMACIÓN: Informe generado con éxito.
feb 03, 2026 2:07:25 PM main.Main start
INFORMACIÓN: >>> INICIO DE LA APLICACIÓN <<<
feb 03, 2026 2:07:28 PM javafx.fxml.FXMLLoader$ValueElement processValue
ADVERTENCIA: Loading FXML document with JavaFX API of version 25 by JavaFX runtime of version 8.0.181
feb 03, 2026 2:07:30 PM controller.MarketWindowController openUser
INFORMACIÓN: Cerrando sesión y volviendo al Login...
feb 03, 2026 2:07:30 PM javafx.fxml.FXMLLoader$ValueElement processValue
ADVERTENCIA: Loading FXML document with JavaFX API of version 24.0.1 by JavaFX runtime of version 8.0.181
feb 03, 2026 2:07:30 PM controller.MarketWindowController openUser
INFORMACIÓN: Ventana de Login abierta .
feb 03, 2026 2:07:34 PM javafx.fxml.FXMLLoader$ValueElement processValue
ADVERTENCIA: Loading FXML document with JavaFX API of version 24.0.1 by JavaFX runtime of version 8.0.181
feb 03, 2026 2:20:13 PM main.Main start
INFORMACIÓN: >>> INICIO DE LA APLICACIÓN <<<
feb 03, 2026 2:20:15 PM javafx.fxml.FXMLLoader$ValueElement processValue
ADVERTENCIA: Loading FXML document with JavaFX API of version 25 by JavaFX runtime of version 8.0.181
feb 03, 2026 2:20:17 PM controller.MarketWindowController openUser
INFORMACIÓN: Cerrando sesión y volviendo al Login...
feb 03, 2026 2:20:18 PM javafx.fxml.FXMLLoader$ValueElement processValue
ADVERTENCIA: Loading FXML document with JavaFX API of version 24.0.1 by JavaFX runtime of version 8.0.181
feb 03, 2026 2:20:18 PM controller.MarketWindowController openUser
INFORMACIÓN: Ventana de Login abierta .
feb 03, 2026 2:20:19 PM javafx.fxml.FXMLLoader$ValueElement processValue
ADVERTENCIA: Loading FXML document with JavaFX API of version 25 by JavaFX runtime of version 8.0.181
feb 03, 2026 2:20:21 PM controller.MarketWindowController openUser
INFORMACIÓN: Cerrando sesión y volviendo al Login...
feb 03, 2026 2:20:21 PM javafx.fxml.FXMLLoader$ValueElement processValue
ADVERTENCIA: Loading FXML document with JavaFX API of version 24.0.1 by JavaFX runtime of version 8.0.181
feb 03, 2026 2:20:21 PM controller.MarketWindowController openUser
INFORMACIÓN: Ventana de Login abierta .
feb 03, 2026 2:20:27 PM javafx.fxml.FXMLLoader$ValueElement processValue
ADVERTENCIA: Loading FXML document with JavaFX API of version 24.0.1 by JavaFX runtime of version 8.0.181
feb 03, 2026 2:21:27 PM main.Main start
INFORMACIÓN: >>> INICIO DE LA APLICACIÓN <<<
feb 03, 2026 2:21:29 PM javafx.fxml.FXMLLoader$ValueElement processValue
ADVERTENCIA: Loading FXML document with JavaFX API of version 25 by JavaFX runtime of version 8.0.181
feb 03, 2026 2:21:31 PM controller.MarketWindowController openUser
INFORMACIÓN: Cerrando sesión y volviendo al Login...
feb 03, 2026 2:21:31 PM javafx.fxml.FXMLLoader$ValueElement processValue
ADVERTENCIA: Loading FXML document with JavaFX API of version 24.0.1 by JavaFX runtime of version 8.0.181
feb 03, 2026 2:21:32 PM controller.MarketWindowController openUser
INFORMACIÓN: Ventana de Login abierta .
feb 03, 2026 2:21:36 PM javafx.fxml.FXMLLoader$ValueElement processValue
ADVERTENCIA: Loading FXML document with JavaFX API of version 24.0.1 by JavaFX runtime of version 8.0.181
feb 03, 2026 2:21:37 PM controller.MenuWindowController handleLogOut
INFORMACIÓN: Cerrando sesión del usuario...
feb 03, 2026 2:21:37 PM javafx.fxml.FXMLLoader$ValueElement processValue
ADVERTENCIA: Loading FXML document with JavaFX API of version 25 by JavaFX runtime of version 8.0.181
feb 03, 2026 2:21:38 PM controller.MenuWindowController handleLogOut
INFORMACIÓN: Sesión cerrada. Usuario devuelto a la Tienda como invitado.
feb 03, 2026 2:21:40 PM controller.MarketWindowController openUser
INFORMACIÓN: Cerrando sesión y volviendo al Login...
feb 03, 2026 2:21:40 PM javafx.fxml.FXMLLoader$ValueElement processValue
ADVERTENCIA: Loading FXML document with JavaFX API of version 24.0.1 by JavaFX runtime of version 8.0.181
feb 03, 2026 2:21:40 PM controller.MarketWindowController openUser
INFORMACIÓN: Ventana de Login abierta .
feb 03, 2026 2:21:41 PM javafx.fxml.FXMLLoader$ValueElement processValue
ADVERTENCIA: Loading FXML document with JavaFX API of version 25 by JavaFX runtime of version 8.0.181
feb 05, 2026 10:06:02 AM main.Main start
INFORMACIÓN: >>> INICIO DE LA APLICACIÓN <<<
feb 05, 2026 10:06:05 AM javafx.fxml.FXMLLoader$ValueElement processValue
ADVERTENCIA: Loading FXML document with JavaFX API of version 25 by JavaFX runtime of version 8.0.181
feb 05, 2026 10:06:45 AM controller.MarketWindowController handleHelp
INFORMACIÓN: El usuario ha abierto la ventana de Ayuda.
feb 05, 2026 10:07:06 AM controller.MarketWindowController openUser
INFORMACIÓN: Cerrando sesión y volviendo al Login...
feb 05, 2026 10:07:06 AM javafx.fxml.FXMLLoader$ValueElement processValue
ADVERTENCIA: Loading FXML document with JavaFX API of version 24.0.1 by JavaFX runtime of version 8.0.181
feb 05, 2026 10:07:06 AM controller.MarketWindowController openUser
INFORMACIÓN: Ventana de Login abierta .
feb 05, 2026 10:07:08 AM javafx.fxml.FXMLLoader$ValueElement processValue
ADVERTENCIA: Loading FXML document with JavaFX API of version 25 by JavaFX runtime of version 8.0.181
feb 05, 2026 10:10:31 AM controller.MarketWindowController openUser
INFORMACIÓN: Cerrando sesión y volviendo al Login...
feb 05, 2026 10:10:31 AM javafx.fxml.FXMLLoader$ValueElement processValue
ADVERTENCIA: Loading FXML document with JavaFX API of version 24.0.1 by JavaFX runtime of version 8.0.181
feb 05, 2026 10:10:31 AM controller.MarketWindowController openUser
INFORMACIÓN: Ventana de Login abierta .
feb 05, 2026 10:10:35 AM javafx.fxml.FXMLLoader$ValueElement processValue
ADVERTENCIA: Loading FXML document with JavaFX API of version 25 by JavaFX runtime of version 8.0.181
feb 05, 2026 10:10:39 AM main.Main start
INFORMACIÓN: >>> INICIO DE LA APLICACIÓN <<<
feb 05, 2026 10:10:41 AM javafx.fxml.FXMLLoader$ValueElement processValue
ADVERTENCIA: Loading FXML document with JavaFX API of version 25 by JavaFX runtime of version 8.0.181
feb 05, 2026 10:10:44 AM controller.MarketWindowController openUser
INFORMACIÓN: Cerrando sesión y volviendo al Login...
feb 05, 2026 10:10:44 AM javafx.fxml.FXMLLoader$ValueElement processValue
ADVERTENCIA: Loading FXML document with JavaFX API of version 24.0.1 by JavaFX runtime of version 8.0.181
feb 05, 2026 10:10:44 AM controller.MarketWindowController openUser
INFORMACIÓN: Ventana de Login abierta .
feb 05, 2026 10:10:46 AM javafx.fxml.FXMLLoader$ValueElement processValue
ADVERTENCIA: Loading FXML document with JavaFX API of version 25 by JavaFX runtime of version 8.0.181
feb 05, 2026 10:10:48 AM controller.MarketWindowController openUser
INFORMACIÓN: Cerrando sesión y volviendo al Login...
feb 05, 2026 10:10:48 AM javafx.fxml.FXMLLoader$ValueElement processValue
ADVERTENCIA: Loading FXML document with JavaFX API of version 24.0.1 by JavaFX runtime of version 8.0.181
feb 05, 2026 10:10:48 AM controller.MarketWindowController openUser
INFORMACIÓN: Ventana de Login abierta .
feb 05, 2026 10:10:55 AM javafx.fxml.FXMLLoader$ValueElement processValue
ADVERTENCIA: Loading FXML document with JavaFX API of version 24.0.1 by JavaFX runtime of version 8.0.181
feb 05, 2026 10:10:57 AM javafx.fxml.FXMLLoader$ValueElement processValue
ADVERTENCIA: Loading FXML document with JavaFX API of version 9.0.1 by JavaFX runtime of version 8.0.181
feb 05, 2026 10:10:57 AM controller.RestockController initialize
INFORMACIÓN: Productos cargados. Cantidad: 35
feb 05, 2026 10:11:04 AM controller.RestockController restockBoxes
INFORMACIÓN: ADMIN: Compradas 1000 cajas de Magic
feb 05, 2026 10:11:08 AM controller.RestockController restockPacksFromBoxes
INFORMACIÓN: ADMIN: Restadas 1000 cajas del inventario para abrir sobres.
feb 05, 2026 10:11:08 AM controller.RestockController restockPacksFromBoxes
INFORMACIÓN: ADMIN: Añadidos 36000 sobres al inventario.
feb 05, 2026 10:11:26 AM javafx.fxml.FXMLLoader$ValueElement processValue
ADVERTENCIA: Loading FXML document with JavaFX API of version 24.0.1 by JavaFX runtime of version 8.0.181
feb 05, 2026 10:11:28 AM javafx.fxml.FXMLLoader$ValueElement processValue
ADVERTENCIA: Loading FXML document with JavaFX API of version 24.0.1 by JavaFX runtime of version 8.0.181
feb 05, 2026 10:11:32 AM javafx.fxml.FXMLLoader$ValueElement processValue
ADVERTENCIA: Loading FXML document with JavaFX API of version 24.0.1 by JavaFX runtime of version 8.0.181
feb 05, 2026 10:11:34 AM javafx.fxml.FXMLLoader$ValueElement processValue
ADVERTENCIA: Loading FXML document with JavaFX API of version 24.0.1 by JavaFX runtime of version 8.0.181
feb 05, 2026 10:11:43 AM controller.MenuWindowController handleLogOut
INFORMACIÓN: Cerrando sesión del usuario...
feb 05, 2026 10:11:43 AM javafx.fxml.FXMLLoader$ValueElement processValue
ADVERTENCIA: Loading FXML document with JavaFX API of version 25 by JavaFX runtime of version 8.0.181
feb 05, 2026 10:11:44 AM controller.MenuWindowController handleLogOut
INFORMACIÓN: Sesión cerrada. Usuario devuelto a la Tienda como invitado.
feb 05, 2026 10:11:45 AM controller.MarketWindowController openUser
INFORMACIÓN: Cerrando sesión y volviendo al Login...
feb 05, 2026 10:11:45 AM javafx.fxml.FXMLLoader$ValueElement processValue
ADVERTENCIA: Loading FXML document with JavaFX API of version 24.0.1 by JavaFX runtime of version 8.0.181
feb 05, 2026 10:11:45 AM controller.MarketWindowController openUser
INFORMACIÓN: Ventana de Login abierta .
feb 05, 2026 10:11:47 AM javafx.fxml.FXMLLoader$ValueElement processValue
ADVERTENCIA: Loading FXML document with JavaFX API of version 25 by JavaFX runtime of version 8.0.181
feb 05, 2026 11:38:33 AM main.Main start
INFORMACIÓN: >>> INICIO DE LA APLICACIÓN <<<
feb 05, 2026 11:38:37 AM javafx.fxml.FXMLLoader$ValueElement processValue
ADVERTENCIA: Loading FXML document with JavaFX API of version 25 by JavaFX runtime of version 8.0.181
feb 05, 2026 11:39:17 AM javafx.fxml.FXMLLoader$ValueElement processValue
ADVERTENCIA: Loading FXML document with JavaFX API of version 21 by JavaFX runtime of version 8.0.181
feb 05, 2026 11:39:25 AM javafx.fxml.FXMLLoader$ValueElement processValue
ADVERTENCIA: Loading FXML document with JavaFX API of version 21 by JavaFX runtime of version 8.0.181
feb 05, 2026 11:39:29 AM javafx.fxml.FXMLLoader$ValueElement processValue
ADVERTENCIA: Loading FXML document with JavaFX API of version 21 by JavaFX runtime of version 8.0.181
feb 05, 2026 11:39:34 AM controller.MarketWindowController handleHelp
INFORMACIÓN: El usuario ha abierto la ventana de Ayuda.
feb 05, 2026 11:39:35 AM controller.MarketWindowController handleReport
INFORMACIÓN: El usuario ha solicitado generar el informe PDF.
feb 05, 2026 11:39:35 AM net.sf.jasperreports.engine.component.ComponentsEnvironment findBundles
ADVERTENCIA: Found two components for namespace http://jasperreports.sourceforge.net/jasperreports/components
feb 05, 2026 11:39:35 AM net.sf.jasperreports.engine.part.PartComponentsEnvironment findBundles
ADVERTENCIA: Found two components for namespace http://jasperreports.sourceforge.net/jasperreports/parts
feb 05, 2026 11:39:35 AM net.sf.jasperreports.engine.component.ComponentsEnvironment findBundles
ADVERTENCIA: Found two components for namespace http://jasperreports.sourceforge.net/jasperreports/components
feb 05, 2026 11:39:35 AM net.sf.jasperreports.engine.component.ComponentsEnvironment findBundles
ADVERTENCIA: Found two components for namespace http://jasperreports.sourceforge.net/jasperreports/components
feb 05, 2026 11:39:35 AM net.sf.jasperreports.engine.part.PartComponentsEnvironment findBundles
ADVERTENCIA: Found two components for namespace http://jasperreports.sourceforge.net/jasperreports/parts
feb 05, 2026 11:39:37 AM controller.MarketWindowController handleReport
INFORMACIÓN: Informe generado con éxito.
feb 05, 2026 11:39:40 AM controller.MarketWindowController openUser
INFORMACIÓN: Cerrando sesión y volviendo al Login...
feb 05, 2026 11:39:40 AM javafx.fxml.FXMLLoader$ValueElement processValue
ADVERTENCIA: Loading FXML document with JavaFX API of version 24.0.1 by JavaFX runtime of version 8.0.181
feb 05, 2026 11:39:40 AM controller.MarketWindowController openUser
INFORMACIÓN: Ventana de Login abierta .
feb 05, 2026 11:39:45 AM javafx.fxml.FXMLLoader$ValueElement processValue
ADVERTENCIA: Loading FXML document with JavaFX API of version 24.0.1 by JavaFX runtime of version 8.0.181
feb 05, 2026 11:39:53 AM javafx.fxml.FXMLLoader$ValueElement processValue
ADVERTENCIA: Loading FXML document with JavaFX API of version 24.0.1 by JavaFX runtime of version 8.0.181
feb 05, 2026 11:39:58 AM javafx.fxml.FXMLLoader$ValueElement processValue
ADVERTENCIA: Loading FXML document with JavaFX API of version 24.0.1 by JavaFX runtime of version 8.0.181
feb 05, 2026 11:40:08 AM javafx.fxml.FXMLLoader$ValueElement processValue
ADVERTENCIA: Loading FXML document with JavaFX API of version 24.0.1 by JavaFX runtime of version 8.0.181
feb 05, 2026 11:40:28 AM javafx.fxml.FXMLLoader$ValueElement processValue
ADVERTENCIA: Loading FXML document with JavaFX API of version 24.0.1 by JavaFX runtime of version 8.0.181
feb 05, 2026 11:40:37 AM javafx.fxml.FXMLLoader$ValueElement processValue
ADVERTENCIA: Loading FXML document with JavaFX API of version 24.0.1 by JavaFX runtime of version 8.0.181
feb 05, 2026 11:40:44 AM controller.MenuWindowController handleLogOut
INFORMACIÓN: Cerrando sesión del usuario...
feb 05, 2026 11:40:44 AM javafx.fxml.FXMLLoader$ValueElement processValue
ADVERTENCIA: Loading FXML document with JavaFX API of version 25 by JavaFX runtime of version 8.0.181
feb 05, 2026 11:40:44 AM controller.MenuWindowController handleLogOut
INFORMACIÓN: Sesión cerrada. Usuario devuelto a la Tienda como invitado.
feb 05, 2026 11:40:46 AM controller.MarketWindowController openUser
INFORMACIÓN: Cerrando sesión y volviendo al Login...
feb 05, 2026 11:40:46 AM javafx.fxml.FXMLLoader$ValueElement processValue
ADVERTENCIA: Loading FXML document with JavaFX API of version 24.0.1 by JavaFX runtime of version 8.0.181
feb 05, 2026 11:40:46 AM controller.MarketWindowController openUser
INFORMACIÓN: Ventana de Login abierta .
feb 05, 2026 11:40:51 AM javafx.fxml.FXMLLoader$ValueElement processValue
ADVERTENCIA: Loading FXML document with JavaFX API of version 24.0.1 by JavaFX runtime of version 8.0.181
feb 05, 2026 11:40:53 AM controller.MenuWindowController handleLogOut
INFORMACIÓN: Cerrando sesión del usuario...
feb 05, 2026 11:40:53 AM javafx.fxml.FXMLLoader$ValueElement processValue
ADVERTENCIA: Loading FXML document with JavaFX API of version 25 by JavaFX runtime of version 8.0.181
feb 05, 2026 11:40:53 AM controller.MenuWindowController handleLogOut
INFORMACIÓN: Sesión cerrada. Usuario devuelto a la Tienda como invitado.
feb 05, 2026 11:40:54 AM controller.MarketWindowController openUser
INFORMACIÓN: Cerrando sesión y volviendo al Login...
feb 05, 2026 11:40:54 AM javafx.fxml.FXMLLoader$ValueElement processValue
ADVERTENCIA: Loading FXML document with JavaFX API of version 24.0.1 by JavaFX runtime of version 8.0.181
feb 05, 2026 11:40:54 AM controller.MarketWindowController openUser
INFORMACIÓN: Ventana de Login abierta .
feb 05, 2026 11:41:03 AM javafx.fxml.FXMLLoader$ValueElement processValue
ADVERTENCIA: Loading FXML document with JavaFX API of version 24.0.1 by JavaFX runtime of version 8.0.181
feb 05, 2026 11:41:05 AM javafx.fxml.FXMLLoader$ValueElement processValue
ADVERTENCIA: Loading FXML document with JavaFX API of version 9.0.1 by JavaFX runtime of version 8.0.181
feb 05, 2026 11:41:05 AM controller.RestockController initialize
INFORMACIÓN: Productos cargados. Cantidad: 35
feb 05, 2026 11:41:09 AM controller.RestockController restockPacksFromBoxes
INFORMACIÓN: ADMIN: Restadas 1 cajas del inventario para abrir sobres.
feb 05, 2026 11:41:09 AM controller.RestockController restockPacksFromBoxes
INFORMACIÓN: ADMIN: Añadidos 20 sobres al inventario.
feb 05, 2026 11:41:14 AM controller.RestockController restockBoxes
INFORMACIÓN: ADMIN: Compradas 100 cajas de Pokemon
feb 05, 2026 11:41:17 AM javafx.fxml.FXMLLoader$ValueElement processValue
ADVERTENCIA: Loading FXML document with JavaFX API of version 24.0.1 by JavaFX runtime of version 8.0.181
feb 05, 2026 11:44:34 AM javafx.fxml.FXMLLoader$ValueElement processValue
ADVERTENCIA: Loading FXML document with JavaFX API of version 24.0.1 by JavaFX runtime of version 8.0.181
feb 05, 2026 11:44:46 AM main.Main start
INFORMACIÓN: >>> INICIO DE LA APLICACIÓN <<<
feb 05, 2026 11:44:50 AM javafx.fxml.FXMLLoader$ValueElement processValue
ADVERTENCIA: Loading FXML document with JavaFX API of version 25 by JavaFX runtime of version 8.0.181
feb 05, 2026 11:44:54 AM controller.MarketWindowController openUser
INFORMACIÓN: Cerrando sesión y volviendo al Login...
feb 05, 2026 11:44:54 AM javafx.fxml.FXMLLoader$ValueElement processValue
ADVERTENCIA: Loading FXML document with JavaFX API of version 24.0.1 by JavaFX runtime of version 8.0.181
feb 05, 2026 11:44:54 AM controller.MarketWindowController openUser
INFORMACIÓN: Ventana de Login abierta .
feb 05, 2026 11:44:59 AM javafx.fxml.FXMLLoader$ValueElement processValue
ADVERTENCIA: Loading FXML document with JavaFX API of version 24.0.1 by JavaFX runtime of version 8.0.181
feb 05, 2026 11:45:01 AM javafx.fxml.FXMLLoader$ValueElement processValue
ADVERTENCIA: Loading FXML document with JavaFX API of version 24.0.1 by JavaFX runtime of version 8.0.181
feb 05, 2026 11:45:05 AM javafx.fxml.FXMLLoader$ValueElement processValue
ADVERTENCIA: Loading FXML document with JavaFX API of version 24.0.1 by JavaFX runtime of version 8.0.181
feb 05, 2026 11:45:05 AM javafx.fxml.FXMLLoader$ValueElement processValue
ADVERTENCIA: Loading FXML document with JavaFX API of version 24.0.1 by JavaFX runtime of version 8.0.181
